<?xml version="1.0" encoding="UTF-8"?>
<!-- Generated by org.testng.reporters.JUnitReportReporter -->
<testsuite hostname="GOD" failures="0" tests="1" name="com.TestCases.baseClass" time="9.467" errors="0" timestamp="2023-08-01T16:12:23 IST" skipped="0">
  <testcase classname="com.TestCases.baseClass" name="Test" time="9.467"/>
  <system-out/>
</testsuite> <!-- com.TestCases.baseClass -->
