<?xml version="1.0" encoding="UTF-8"?>
<!-- Generated by org.testng.reporters.JUnitReportReporter -->
<testsuite hostname="GOD" failures="0" tests="1" name="com.TestCases.TC002_AddExpenes" time="9.787" errors="0" timestamp="2023-08-01T18:20:48 IST" skipped="0">
  <testcase classname="com.TestCases.TC002_AddExpenes" name="TC002_HomePage" time="9.787"/>
  <system-out/>
</testsuite> <!-- com.TestCases.TC002_AddExpenes -->
