<?xml version="1.0" encoding="UTF-8"?>
<!-- Generated by org.testng.reporters.JUnitReportReporter -->
<testsuite hostname="GOD" failures="0" tests="1" name="com.TestCases.TC001_LoginTest" time="6.297" errors="0" timestamp="2023-08-01T18:20:48 IST" skipped="0">
  <testcase classname="com.TestCases.TC001_LoginTest" name="TC001_TestCase" time="6.297"/>
  <system-out/>
</testsuite> <!-- com.TestCases.TC001_LoginTest -->
